2023-12-17T14:09:28.5506615 I/O error on POST request for "http://localhost:8080/login": Connection refused: connect; nested exception is java.net.ConnectException: Connection refused: connect
2023-12-17T14:35:45.1976368 Error retrieving transfers: 401 : [{"timestamp":"2023-12-17T19:35:45.180+00:00","status":401,"error":"Unauthorized","message":"Full authentication is required to access this resource","path":"/transfer/list"}]
2023-12-17T14:37:58.5774906 Error retrieving transfers: 401 : [{"timestamp":"2023-12-17T19:37:58.558+00:00","status":401,"error":"Unauthorized","message":"Full authentication is required to access this resource","path":"/transfer/list"}]
2023-12-17T16:54:07.0670025 PendingTransfer JDBCtransferDAO Error retrieving transfersorg.postgresql.util.PSQLException: ERROR: operator does not exist: integer == integer
  Hint: No operator matches the given name and argument types. You might need to add explicit type casts.
  Position: 215
2023-12-17T16:54:07.0670025 TransferController PendingTransferList -- Error retrieving transfers: Could not access database
2023-12-17T17:07:12.2745395 Error sending transfer: 401 : [no body]
2023-12-17T17:11:53.0144186 Error sending transfer: 401 : [no body]
2023-12-17T17:13:22.7490687 Error sending transfer: 401 : [no body]
2023-12-17T17:15:52.3138813 Error sending transfer: 401 : [no body]
2023-12-17T17:16:38.6248 Error sending transfer: 401 : [no body]
2023-12-17T17:23:43.3275385 Error sending transfer: 401 : [no body]
2023-12-17T17:24:46.145526 Error sending transfer: 401 : [no body]
2023-12-17T17:25:42.1710672 Error sending transfer: 401 : [no body]
2023-12-17T17:27:06.5828494 Error sending transfer: 401 : [no body]
2023-12-17T17:29:04.1150474 Error sending transfer: 401 : [no body]
2023-12-17T17:30:21.754821 Error sending transfer: 401 : [no body]
2023-12-17T17:31:31.3218705 Error sending transfer: 401 : [no body]
2023-12-17T17:32:03.1087928 Error sending transfer: 401 : [no body]
2023-12-17T17:44:12.8699329 Error sending transfer: 401 : [no body]
2023-12-17T17:44:47.8833515 Error sending transfer: 401 : [no body]
2023-12-17T17:53:59.3655514 Error sending transfer: 401 : [no body]
2023-12-17T17:56:39.9250511 Error sending transfer: 401 : [no body]
2023-12-17T17:57:04.3332823 Error sending transfer: 401 : [no body]
2023-12-17T17:58:22.7415195 Error sending transfer: 401 : [no body]
2023-12-17T17:59:34.2038117 Error sending transfer: 401 : [no body]
2023-12-17T18:00:02.4231835 Error sending transfer: 401 : [no body]
2023-12-17T19:35:20.764914 Error sending transfer: 401 : [no body]
2023-12-17T19:41:42.6732355 Error sending transfer: 401 : [no body]
2023-12-17T19:47:53.9528933 Error sending transfer: 401 : [no body]
2023-12-17T19:52:23.8578119 Error sending transfer: 401 : [no body]
2023-12-17T20:01:14.2088574 Error sending transfer: 401 : [no body]
2023-12-17T20:04:09.9808838 Error sending transfer: 401 : [no body]
2023-12-17T20:15:43.5962467 Error sending transfer: 415 : [{"timestamp":"2023-12-18T01:15:43.580+00:00","status":415,"error":"Unsupported Media Type","message":"Content type 'application/x-www-form-urlencoded;charset=UTF-8' not supported","path":"/transfer/send"}]
2023-12-17T20:24:17.389026 Error sending transfer: 415 : [{"timestamp":"2023-12-18T01:24:17.375+00:00","status":415,"error":"Unsupported Media Type","message":"Content type 'application/x-www-form-urlencoded;charset=UTF-8' not supported","path":"/transfer/send"}]
2023-12-17T20:25:46.7431721 Error sending transfer: 415 : [{"timestamp":"2023-12-18T01:25:46.726+00:00","status":415,"error":"Unsupported Media Type","message":"Content type 'application/x-www-form-urlencoded;charset=UTF-8' not supported","path":"/transfer/send"}]
2023-12-17T20:29:52.7131212 Error sending transfer: 415 : [{"timestamp":"2023-12-18T01:29:52.698+00:00","status":415,"error":"Unsupported Media Type","message":"Content type 'application/x-www-form-urlencoded;charset=UTF-8' not supported","path":"/transfer/send"}]
2023-12-17T20:34:39.1832996 Error sending transfer: 415 : [{"timestamp":"2023-12-18T01:34:39.163+00:00","status":415,"error":"Unsupported Media Type","message":"Content type 'application/x-www-form-urlencoded;charset=UTF-8' not supported","path":"/transfer/send"}]
2023-12-17T20:51:00.4502351 Error sending transfer: 415 : [{"timestamp":"2023-12-18T01:51:00.431+00:00","status":415,"error":"Unsupported Media Type","message":"Content type 'application/x-www-form-urlencoded;charset=UTF-8' not supported","path":"/transfer/send"}]
2023-12-17T20:56:06.0868429 Error sending transfer: 500 : [{"timestamp":"2023-12-18T01:56:06.068+00:00","status":500,"error":"Internal Server Error","message":"Cannot invoke \"java.math.BigDecimal.compareTo(java.math.BigDecimal)\" because \"accountFromBalance\" is null","path":"/transfer/send"}]
2023-12-17T21:57:36.5646723 Error retrieving transfers: 500 : [{"timestamp":"2023-12-18T02:57:36.552+00:00","status":500,"error":"Internal Server Error","message":"Transfer not found","path":"/transfer/30"}]
2023-12-17T21:58:39.1411984 Error sending transfer: 500 : [{"timestamp":"2023-12-18T02:58:39.130+00:00","status":500,"error":"Internal Server Error","message":"Amount cannot be negative","path":"/transfer/send"}]
2023-12-17T22:01:35.7665483 Error sending transfer: 500 : [{"timestamp":"2023-12-18T03:01:35.757+00:00","status":500,"error":"Internal Server Error","message":"You can't send money to yourself","path":"/transfer/send"}]
2023-12-17T22:32:14.0615232 AccountRest getAllAccounts error --401 : [{"timestamp":"2023-12-18T03:32:14.042+00:00","status":401,"error":"Unauthorized","message":"Full authentication is required to access this resource","path":"/account/all"}]
2023-12-17T22:34:39.4100618 AccountRest getAllAccounts error --401 : [{"timestamp":"2023-12-18T03:34:39.388+00:00","status":401,"error":"Unauthorized","message":"Full authentication is required to access this resource","path":"/account/all"}]
2023-12-17T22:35:23.222043 AccountRest getAllAccounts error --401 : [{"timestamp":"2023-12-18T03:35:23.205+00:00","status":401,"error":"Unauthorized","message":"Full authentication is required to access this resource","path":"/account/all"}]
2023-12-17T22:35:34.8565731 Error sending transfer: 500 : [{"timestamp":"2023-12-18T03:35:34.853+00:00","status":500,"error":"Internal Server Error","message":"Amount cannot be negative","path":"/transfer/send"}]
2023-12-17T22:41:10.491904 Error sending transfer: 500 : [{"timestamp":"2023-12-18T03:41:10.479+00:00","status":500,"error":"Internal Server Error","message":"Error accessing database","path":"/transfer/send"}]
2023-12-17T22:45:43.1139268 Error sending transfer: 500 : [{"timestamp":"2023-12-18T03:45:43.104+00:00","status":500,"error":"Internal Server Error","message":"You can't send money to yourself","path":"/transfer/send"}]
2023-12-17T22:46:00.4879991 Error retrieving transfers: 500 : [{"timestamp":"2023-12-18T03:46:00.487+00:00","status":500,"error":"Internal Server Error","message":"Transfer not found","path":"/transfer/0"}]
